<?xml version="1.0" encoding="UTF-8"?>
<!-- Generated by org.testng.reporters.JUnitXMLReporter -->
<testsuite ignored="0" hostname="DESKTOP-T12C45I" failures="0" tests="7" name="Default test" time="217.893" errors="0" timestamp="2024-10-21T11:34:00 IST">
  <testcase classname="org.test.SampleTest" name="tc1" time="14.217"/>
  <testcase classname="org.test.SampleTest" name="tc5" time="15.11"/>
  <testcase classname="org.test.SampleTest" name="tc7" time="1.036"/>
  <testcase classname="org.test.SampleTest" name="tc4" time="28.645"/>
  <testcase classname="org.test.SampleTest" name="tc3" time="9.798"/>
  <testcase classname="org.test.SampleTest" name="tc2" time="16.605"/>
  <testcase classname="org.test.SampleTest" name="tc6" time="93.799"/>
</testsuite> <!-- Default test -->
